[debug] [2023-12-02T21:08:33.633Z] ----------------------------------------------------------------------
[debug] [2023-12-02T21:08:33.640Z] Command:       C:\Program Files\nodejs\node.exe C:\Users\Zaher Al-ali\AppData\Roaming\npm\node_modules\firebase-tools\lib\bin\firebase.js init
[debug] [2023-12-02T21:08:33.641Z] CLI Version:   12.9.1
[debug] [2023-12-02T21:08:33.643Z] Platform:      win32
[debug] [2023-12-02T21:08:33.643Z] Node Version:  v18.18.0
[debug] [2023-12-02T21:08:33.646Z] Time:          Sat Dec 02 2023 13:08:33 GMT-0800 (Pacific Standard Time)
[debug] [2023-12-02T21:08:33.646Z] ----------------------------------------------------------------------
[debug] 
[debug] [2023-12-02T21:08:33.658Z] >>> [apiv2][query] GET https://firebase-public.firebaseio.com/cli.json [none]
[debug] [2023-12-02T21:08:33.783Z] > command requires scopes: ["email","openid","https://www.googleapis.com/auth/cloudplatformprojects.readonly","https://www.googleapis.com/auth/firebase","https://www.googleapis.com/auth/cloud-platform"]
[debug] [2023-12-02T21:08:33.785Z] > authorizing via signed-in user (eng.mohamad110@gmail.com)
[info] 
     ######## #### ########  ######## ########     ###     ######  ########
     ##        ##  ##     ## ##       ##     ##  ##   ##  ##       ##
     ######    ##  ########  ######   ########  #########  ######  ######
     ##        ##  ##    ##  ##       ##     ## ##     ##       ## ##
     ##       #### ##     ## ######## ########  ##     ##  ######  ########

You're about to initialize a Firebase project in this directory:

  D:\github mohamad\header

[debug] [2023-12-02T21:08:34.465Z] *** [apiv2] error from fetch(https://firebase-public.firebaseio.com/cli.json, {"headers":{},"method":"GET"}): FetchError: request to https://firebase-public.firebaseio.com/cli.json failed, reason: Client network socket disconnected before secure TLS connection was established
[warn] !  Unable to fetch the CLI MOTD and remote config. 
[debug] [2023-12-02T21:08:34.475Z] Failed to fetch MOTD FirebaseError: Failed to make request to https://firebase-public.firebaseio.com/cli.json
[info] 
=== Project Setup
[info] 
[info] First, let's associate this project directory with a Firebase project.
[info] You can create multiple project aliases by running firebase use --add, 
[info] but for now we'll just set up a default project.
[info] 
[debug] [2023-12-02T21:08:42.377Z] >>> [apiv2][query] GET https://firebase.googleapis.com/v1beta1/projects pageSize=100
[debug] [2023-12-02T21:08:43.316Z] <<< [apiv2][status] GET https://firebase.googleapis.com/v1beta1/projects 403
[debug] [2023-12-02T21:08:43.317Z] <<< [apiv2][body] GET https://firebase.googleapis.com/v1beta1/projects [omitted]
[debug] [2023-12-02T21:08:43.317Z] Unable to parse JSON: SyntaxError: Unexpected token < in JSON at position 0
[debug] [2023-12-02T21:08:43.322Z] FirebaseError: Unable to parse JSON: SyntaxError: Unexpected token < in JSON at position 0
    at RetryOperation._fn (C:\Users\Zaher Al-ali\AppData\Roaming\npm\node_modules\firebase-tools\lib\apiv2.js:257:39)
    at process.processTicksAndRejections (node:internal/process/task_queues:95:5)
[error] 
[error] Error: Failed to list Firebase projects. See firebase-debug.log for more info.
[debug] [2023-12-02T21:09:45.319Z] ----------------------------------------------------------------------
[debug] [2023-12-02T21:09:45.326Z] Command:       C:\Program Files\nodejs\node.exe C:\Users\Zaher Al-ali\AppData\Roaming\npm\node_modules\firebase-tools\lib\bin\firebase.js init
[debug] [2023-12-02T21:09:45.327Z] CLI Version:   12.9.1
[debug] [2023-12-02T21:09:45.328Z] Platform:      win32
[debug] [2023-12-02T21:09:45.329Z] Node Version:  v18.18.0
[debug] [2023-12-02T21:09:45.331Z] Time:          Sat Dec 02 2023 13:09:45 GMT-0800 (Pacific Standard Time)
[debug] [2023-12-02T21:09:45.332Z] ----------------------------------------------------------------------
[debug] 
[debug] [2023-12-02T21:09:45.347Z] >>> [apiv2][query] GET https://firebase-public.firebaseio.com/cli.json [none]
[debug] [2023-12-02T21:09:45.479Z] > command requires scopes: ["email","openid","https://www.googleapis.com/auth/cloudplatformprojects.readonly","https://www.googleapis.com/auth/firebase","https://www.googleapis.com/auth/cloud-platform"]
[debug] [2023-12-02T21:09:45.481Z] > authorizing via signed-in user (eng.mohamad110@gmail.com)
[info] 
     ######## #### ########  ######## ########     ###     ######  ########
     ##        ##  ##     ## ##       ##     ##  ##   ##  ##       ##
     ######    ##  ########  ######   ########  #########  ######  ######
     ##        ##  ##    ##  ##       ##     ## ##     ##       ## ##
     ##       #### ##     ## ######## ########  ##     ##  ######  ########

You're about to initialize a Firebase project in this directory:

  D:\github mohamad\header

[debug] [2023-12-02T21:09:46.090Z] *** [apiv2] error from fetch(https://firebase-public.firebaseio.com/cli.json, {"headers":{},"method":"GET"}): FetchError: request to https://firebase-public.firebaseio.com/cli.json failed, reason: Client network socket disconnected before secure TLS connection was established
[warn] !  Unable to fetch the CLI MOTD and remote config. 
[debug] [2023-12-02T21:09:46.096Z] Failed to fetch MOTD FirebaseError: Failed to make request to https://firebase-public.firebaseio.com/cli.json
[info] 
=== Project Setup
[info] 
[info] First, let's associate this project directory with a Firebase project.
[info] You can create multiple project aliases by running firebase use --add, 
[info] but for now we'll just set up a default project.
[info] 
[debug] [2023-12-02T21:10:23.872Z] ----------------------------------------------------------------------
[debug] [2023-12-02T21:10:23.880Z] Command:       C:\Program Files\nodejs\node.exe C:\Users\Zaher Al-ali\AppData\Roaming\npm\node_modules\firebase-tools\lib\bin\firebase.js init
[debug] [2023-12-02T21:10:23.881Z] CLI Version:   12.9.1
[debug] [2023-12-02T21:10:23.883Z] Platform:      win32
[debug] [2023-12-02T21:10:23.885Z] Node Version:  v18.18.0
[debug] [2023-12-02T21:10:23.887Z] Time:          Sat Dec 02 2023 13:10:23 GMT-0800 (Pacific Standard Time)
[debug] [2023-12-02T21:10:23.888Z] ----------------------------------------------------------------------
[debug] 
[debug] [2023-12-02T21:10:23.903Z] >>> [apiv2][query] GET https://firebase-public.firebaseio.com/cli.json [none]
[debug] [2023-12-02T21:10:24.072Z] > command requires scopes: ["email","openid","https://www.googleapis.com/auth/cloudplatformprojects.readonly","https://www.googleapis.com/auth/firebase","https://www.googleapis.com/auth/cloud-platform"]
[debug] [2023-12-02T21:10:24.074Z] > authorizing via signed-in user (eng.mohamad110@gmail.com)
[info] 
     ######## #### ########  ######## ########     ###     ######  ########
     ##        ##  ##     ## ##       ##     ##  ##   ##  ##       ##
     ######    ##  ########  ######   ########  #########  ######  ######
     ##        ##  ##    ##  ##       ##     ## ##     ##       ## ##
     ##       #### ##     ## ######## ########  ##     ##  ######  ########

You're about to initialize a Firebase project in this directory:

  D:\github mohamad\header

[debug] [2023-12-02T21:10:24.701Z] *** [apiv2] error from fetch(https://firebase-public.firebaseio.com/cli.json, {"headers":{},"method":"GET"}): FetchError: request to https://firebase-public.firebaseio.com/cli.json failed, reason: Client network socket disconnected before secure TLS connection was established
[warn] !  Unable to fetch the CLI MOTD and remote config. 
[debug] [2023-12-02T21:10:24.720Z] Failed to fetch MOTD FirebaseError: Failed to make request to https://firebase-public.firebaseio.com/cli.json
[info] 
=== Project Setup
[info] 
[info] First, let's associate this project directory with a Firebase project.
[info] You can create multiple project aliases by running firebase use --add, 
[info] but for now we'll just set up a default project.
[info] 
[debug] [2023-12-02T21:11:04.573Z] >>> [apiv2][query] GET https://firebase.googleapis.com/v1beta1/projects pageSize=100
[debug] [2023-12-02T21:11:05.600Z] <<< [apiv2][status] GET https://firebase.googleapis.com/v1beta1/projects 403
[debug] [2023-12-02T21:11:05.601Z] <<< [apiv2][body] GET https://firebase.googleapis.com/v1beta1/projects [omitted]
[debug] [2023-12-02T21:11:05.602Z] Unable to parse JSON: SyntaxError: Unexpected token < in JSON at position 0
[debug] [2023-12-02T21:11:05.610Z] FirebaseError: Unable to parse JSON: SyntaxError: Unexpected token < in JSON at position 0
    at RetryOperation._fn (C:\Users\Zaher Al-ali\AppData\Roaming\npm\node_modules\firebase-tools\lib\apiv2.js:257:39)
    at process.processTicksAndRejections (node:internal/process/task_queues:95:5)
[error] 
[error] Error: Failed to list Firebase projects. See firebase-debug.log for more info.
